{"/Users/rohanagrawal/Desktop/doctor-appointment-system/src/index.js": {"path":"/Users/rohanagrawal/Desktop/doctor-appointment-system/src/index.js","statementMap":{"0":{"start":{"line":5,"column":19},"end":{"line":5,"column":28}},"1":{"start":{"line":6,"column":0},"end":{"line":6,"column":16}},"2":{"start":{"line":9,"column":0},"end":{"line":9,"column":51}},"3":{"start":{"line":12,"column":0},"end":{"line":12,"column":25}},"4":{"start":{"line":15,"column":13},"end":{"line":15,"column":37}},"5":{"start":{"line":16,"column":22},"end":{"line":18,"column":2}},"6":{"start":{"line":17,"column":2},"end":{"line":17,"column":48}}},"fnMap":{"0":{"name":"(anonymous_0)","decl":{"start":{"line":16,"column":39},"end":{"line":16,"column":40}},"loc":{"start":{"line":16,"column":51},"end":{"line":18,"column":1}},"line":16}},"branchMap":{"0":{"loc":{"start":{"line":15,"column":13},"end":{"line":15,"column":37}},"type":"binary-expr","locations":[{"start":{"line":15,"column":13},"end":{"line":15,"column":29}},{"start":{"line":15,"column":33},"end":{"line":15,"column":37}}],"line":15}},"s":{"0":1,"1":1,"2":1,"3":1,"4":1,"5":1,"6":1},"f":{"0":1},"b":{"0":[1,1]},"_coverageSchema":"1a1c01bbd47fc00a2c39e90264f33305004495a9","hash":"5c881fb18f43ecbbcd0adf06e8a6c32509abdfeb"}
,"/Users/rohanagrawal/Desktop/doctor-appointment-system/src/controllers/appointmentController.js": {"path":"/Users/rohanagrawal/Desktop/doctor-appointment-system/src/controllers/appointmentController.js","statementMap":{"0":{"start":{"line":9,"column":31},"end":{"line":16,"column":1}},"1":{"start":{"line":10,"column":2},"end":{"line":15,"column":3}},"2":{"start":{"line":11,"column":19},"end":{"line":11,"column":51}},"3":{"start":{"line":12,"column":4},"end":{"line":12,"column":33}},"4":{"start":{"line":14,"column":4},"end":{"line":14,"column":16}},"5":{"start":{"line":18,"column":31},"end":{"line":25,"column":1}},"6":{"start":{"line":19,"column":2},"end":{"line":24,"column":3}},"7":{"start":{"line":20,"column":19},"end":{"line":20,"column":52}},"8":{"start":{"line":21,"column":4},"end":{"line":21,"column":33}},"9":{"start":{"line":23,"column":4},"end":{"line":23,"column":16}},"10":{"start":{"line":27,"column":40},"end":{"line":34,"column":1}},"11":{"start":{"line":28,"column":2},"end":{"line":33,"column":3}},"12":{"start":{"line":29,"column":19},"end":{"line":29,"column":73}},"13":{"start":{"line":30,"column":4},"end":{"line":30,"column":33}},"14":{"start":{"line":32,"column":4},"end":{"line":32,"column":16}},"15":{"start":{"line":36,"column":33},"end":{"line":43,"column":1}},"16":{"start":{"line":37,"column":2},"end":{"line":42,"column":3}},"17":{"start":{"line":38,"column":19},"end":{"line":38,"column":54}},"18":{"start":{"line":39,"column":4},"end":{"line":39,"column":27}},"19":{"start":{"line":41,"column":4},"end":{"line":41,"column":16}},"20":{"start":{"line":45,"column":33},"end":{"line":52,"column":1}},"21":{"start":{"line":46,"column":2},"end":{"line":51,"column":3}},"22":{"start":{"line":47,"column":19},"end":{"line":47,"column":53}},"23":{"start":{"line":48,"column":4},"end":{"line":48,"column":33}},"24":{"start":{"line":50,"column":4},"end":{"line":50,"column":16}}},"fnMap":{"0":{"name":"(anonymous_0)","decl":{"start":{"line":9,"column":31},"end":{"line":9,"column":32}},"loc":{"start":{"line":9,"column":51},"end":{"line":16,"column":1}},"line":9},"1":{"name":"(anonymous_1)","decl":{"start":{"line":18,"column":31},"end":{"line":18,"column":32}},"loc":{"start":{"line":18,"column":51},"end":{"line":25,"column":1}},"line":18},"2":{"name":"(anonymous_2)","decl":{"start":{"line":27,"column":40},"end":{"line":27,"column":41}},"loc":{"start":{"line":27,"column":60},"end":{"line":34,"column":1}},"line":27},"3":{"name":"(anonymous_3)","decl":{"start":{"line":36,"column":33},"end":{"line":36,"column":34}},"loc":{"start":{"line":36,"column":53},"end":{"line":43,"column":1}},"line":36},"4":{"name":"(anonymous_4)","decl":{"start":{"line":45,"column":33},"end":{"line":45,"column":34}},"loc":{"start":{"line":45,"column":59},"end":{"line":52,"column":1}},"line":45}},"branchMap":{},"s":{"0":1,"1":10,"2":10,"3":4,"4":6,"5":1,"6":2,"7":2,"8":1,"9":1,"10":1,"11":1,"12":1,"13":1,"14":0,"15":1,"16":2,"17":2,"18":1,"19":1,"20":1,"21":3,"22":3,"23":1,"24":2},"f":{"0":10,"1":2,"2":1,"3":2,"4":3},"b":{},"_coverageSchema":"1a1c01bbd47fc00a2c39e90264f33305004495a9","hash":"e44474d76a6bc9f1ad64c0e76b0036a0d6993f69"}
,"/Users/rohanagrawal/Desktop/doctor-appointment-system/src/middlewares/errorMiddleware.js": {"path":"/Users/rohanagrawal/Desktop/doctor-appointment-system/src/middlewares/errorMiddleware.js","statementMap":{"0":{"start":{"line":1,"column":31},"end":{"line":4,"column":1}},"1":{"start":{"line":2,"column":2},"end":{"line":2,"column":27}},"2":{"start":{"line":3,"column":2},"end":{"line":3,"column":67}}},"fnMap":{"0":{"name":"(anonymous_0)","decl":{"start":{"line":1,"column":31},"end":{"line":1,"column":32}},"loc":{"start":{"line":1,"column":56},"end":{"line":4,"column":1}},"line":1}},"branchMap":{"0":{"loc":{"start":{"line":3,"column":13},"end":{"line":3,"column":34}},"type":"binary-expr","locations":[{"start":{"line":3,"column":13},"end":{"line":3,"column":27}},{"start":{"line":3,"column":31},"end":{"line":3,"column":34}}],"line":3}},"s":{"0":1,"1":10,"2":10},"f":{"0":10},"b":{"0":[10,0]},"_coverageSchema":"1a1c01bbd47fc00a2c39e90264f33305004495a9","hash":"3d31bb0ec22359076be4024872aea8c7da7166f4"}
,"/Users/rohanagrawal/Desktop/doctor-appointment-system/src/middlewares/validators.js": {"path":"/Users/rohanagrawal/Desktop/doctor-appointment-system/src/middlewares/validators.js","statementMap":{"0":{"start":{"line":4,"column":30},"end":{"line":15,"column":1}},"1":{"start":{"line":5,"column":21},"end":{"line":5,"column":65}},"2":{"start":{"line":6,"column":2},"end":{"line":8,"column":3}},"3":{"start":{"line":7,"column":4},"end":{"line":7,"column":72}},"4":{"start":{"line":10,"column":2},"end":{"line":12,"column":3}},"5":{"start":{"line":11,"column":4},"end":{"line":11,"column":65}},"6":{"start":{"line":14,"column":2},"end":{"line":14,"column":9}},"7":{"start":{"line":18,"column":30},"end":{"line":28,"column":1}},"8":{"start":{"line":19,"column":2},"end":{"line":27,"column":4}},"9":{"start":{"line":20,"column":26},"end":{"line":20,"column":76}},"10":{"start":{"line":20,"column":59},"end":{"line":20,"column":75}},"11":{"start":{"line":21,"column":4},"end":{"line":25,"column":5}},"12":{"start":{"line":22,"column":6},"end":{"line":24,"column":74}},"13":{"start":{"line":26,"column":4},"end":{"line":26,"column":11}},"14":{"start":{"line":31,"column":35},"end":{"line":41,"column":1}},"15":{"start":{"line":32,"column":2},"end":{"line":40,"column":4}},"16":{"start":{"line":33,"column":26},"end":{"line":33,"column":77}},"17":{"start":{"line":33,"column":59},"end":{"line":33,"column":76}},"18":{"start":{"line":34,"column":4},"end":{"line":38,"column":5}},"19":{"start":{"line":35,"column":6},"end":{"line":37,"column":9}},"20":{"start":{"line":39,"column":4},"end":{"line":39,"column":11}}},"fnMap":{"0":{"name":"(anonymous_0)","decl":{"start":{"line":4,"column":30},"end":{"line":4,"column":31}},"loc":{"start":{"line":4,"column":50},"end":{"line":15,"column":1}},"line":4},"1":{"name":"(anonymous_1)","decl":{"start":{"line":18,"column":30},"end":{"line":18,"column":31}},"loc":{"start":{"line":18,"column":50},"end":{"line":28,"column":1}},"line":18},"2":{"name":"(anonymous_2)","decl":{"start":{"line":19,"column":9},"end":{"line":19,"column":10}},"loc":{"start":{"line":19,"column":29},"end":{"line":27,"column":3}},"line":19},"3":{"name":"(anonymous_3)","decl":{"start":{"line":20,"column":48},"end":{"line":20,"column":49}},"loc":{"start":{"line":20,"column":59},"end":{"line":20,"column":75}},"line":20},"4":{"name":"(anonymous_4)","decl":{"start":{"line":31,"column":35},"end":{"line":31,"column":36}},"loc":{"start":{"line":31,"column":55},"end":{"line":41,"column":1}},"line":31},"5":{"name":"(anonymous_5)","decl":{"start":{"line":32,"column":9},"end":{"line":32,"column":10}},"loc":{"start":{"line":32,"column":29},"end":{"line":40,"column":3}},"line":32},"6":{"name":"(anonymous_6)","decl":{"start":{"line":33,"column":48},"end":{"line":33,"column":49}},"loc":{"start":{"line":33,"column":59},"end":{"line":33,"column":76}},"line":33}},"branchMap":{"0":{"loc":{"start":{"line":5,"column":21},"end":{"line":5,"column":65}},"type":"binary-expr","locations":[{"start":{"line":5,"column":21},"end":{"line":5,"column":40}},{"start":{"line":5,"column":44},"end":{"line":5,"column":65}}],"line":5},"1":{"loc":{"start":{"line":6,"column":2},"end":{"line":8,"column":3}},"type":"if","locations":[{"start":{"line":6,"column":2},"end":{"line":8,"column":3}},{"start":{},"end":{}}],"line":6},"2":{"loc":{"start":{"line":10,"column":2},"end":{"line":12,"column":3}},"type":"if","locations":[{"start":{"line":10,"column":2},"end":{"line":12,"column":3}},{"start":{},"end":{}}],"line":10},"3":{"loc":{"start":{"line":21,"column":4},"end":{"line":25,"column":5}},"type":"if","locations":[{"start":{"line":21,"column":4},"end":{"line":25,"column":5}},{"start":{},"end":{}}],"line":21},"4":{"loc":{"start":{"line":34,"column":4},"end":{"line":38,"column":5}},"type":"if","locations":[{"start":{"line":34,"column":4},"end":{"line":38,"column":5}},{"start":{},"end":{}}],"line":34}},"s":{"0":1,"1":12,"2":12,"3":0,"4":12,"5":1,"6":11,"7":1,"8":2,"9":14,"10":64,"11":14,"12":1,"13":13,"14":1,"15":2,"16":5,"17":7,"18":5,"19":1,"20":4},"f":{"0":12,"1":2,"2":14,"3":64,"4":2,"5":5,"6":7},"b":{"0":[12,2],"1":[0,12],"2":[1,11],"3":[1,13],"4":[1,4]},"_coverageSchema":"1a1c01bbd47fc00a2c39e90264f33305004495a9","hash":"b6dab54d3339381a210291ac530df427e43b509b"}
,"/Users/rohanagrawal/Desktop/doctor-appointment-system/src/routes/appointmentRoutes.js": {"path":"/Users/rohanagrawal/Desktop/doctor-appointment-system/src/routes/appointmentRoutes.js","statementMap":{"0":{"start":{"line":15,"column":15},"end":{"line":15,"column":23}},"1":{"start":{"line":18,"column":0},"end":{"line":23,"column":2}},"2":{"start":{"line":25,"column":0},"end":{"line":25,"column":76}},"3":{"start":{"line":27,"column":0},"end":{"line":27,"column":69}},"4":{"start":{"line":29,"column":0},"end":{"line":33,"column":2}},"5":{"start":{"line":35,"column":0},"end":{"line":39,"column":2}}},"fnMap":{},"branchMap":{},"s":{"0":1,"1":1,"2":1,"3":1,"4":1,"5":1},"f":{},"b":{},"_coverageSchema":"1a1c01bbd47fc00a2c39e90264f33305004495a9","hash":"3e35ae611e139d5a026a24ad9f2897d666e30ce5"}
,"/Users/rohanagrawal/Desktop/doctor-appointment-system/src/services/appointmentService.js": {"path":"/Users/rohanagrawal/Desktop/doctor-appointment-system/src/services/appointmentService.js","statementMap":{"0":{"start":{"line":4,"column":38},"end":{"line":25,"column":1}},"1":{"start":{"line":12,"column":2},"end":{"line":18,"column":3}},"2":{"start":{"line":14,"column":16},"end":{"line":14,"column":76}},"3":{"start":{"line":17,"column":4},"end":{"line":17,"column":55}},"4":{"start":{"line":21,"column":22},"end":{"line":21,"column":74}},"5":{"start":{"line":22,"column":2},"end":{"line":22,"column":33}},"6":{"start":{"line":24,"column":2},"end":{"line":24,"column":56}},"7":{"start":{"line":27,"column":38},"end":{"line":34,"column":1}},"8":{"start":{"line":28,"column":22},"end":{"line":28,"column":71}},"9":{"start":{"line":28,"column":50},"end":{"line":28,"column":70}},"10":{"start":{"line":29,"column":2},"end":{"line":31,"column":3}},"11":{"start":{"line":30,"column":4},"end":{"line":30,"column":52}},"12":{"start":{"line":33,"column":2},"end":{"line":33,"column":21}},"13":{"start":{"line":36,"column":47},"end":{"line":42,"column":1}},"14":{"start":{"line":37,"column":29},"end":{"line":39,"column":3}},"15":{"start":{"line":38,"column":14},"end":{"line":38,"column":44}},"16":{"start":{"line":41,"column":2},"end":{"line":41,"column":46}},"17":{"start":{"line":44,"column":40},"end":{"line":54,"column":1}},"18":{"start":{"line":45,"column":16},"end":{"line":47,"column":3}},"19":{"start":{"line":46,"column":14},"end":{"line":46,"column":64}},"20":{"start":{"line":48,"column":2},"end":{"line":50,"column":3}},"21":{"start":{"line":49,"column":4},"end":{"line":49,"column":52}},"22":{"start":{"line":52,"column":2},"end":{"line":52,"column":32}},"23":{"start":{"line":53,"column":2},"end":{"line":53,"column":46}},"24":{"start":{"line":56,"column":40},"end":{"line":80,"column":1}},"25":{"start":{"line":61,"column":22},"end":{"line":63,"column":3}},"26":{"start":{"line":62,"column":14},"end":{"line":62,"column":72}},"27":{"start":{"line":64,"column":2},"end":{"line":66,"column":3}},"28":{"start":{"line":65,"column":4},"end":{"line":65,"column":61}},"29":{"start":{"line":68,"column":2},"end":{"line":76,"column":3}},"30":{"start":{"line":71,"column":8},"end":{"line":72,"column":37}},"31":{"start":{"line":75,"column":4},"end":{"line":75,"column":59}},"32":{"start":{"line":78,"column":2},"end":{"line":78,"column":37}},"33":{"start":{"line":79,"column":2},"end":{"line":79,"column":57}}},"fnMap":{"0":{"name":"(anonymous_0)","decl":{"start":{"line":4,"column":38},"end":{"line":4,"column":39}},"loc":{"start":{"line":10,"column":6},"end":{"line":25,"column":1}},"line":10},"1":{"name":"(anonymous_1)","decl":{"start":{"line":14,"column":6},"end":{"line":14,"column":7}},"loc":{"start":{"line":14,"column":16},"end":{"line":14,"column":76}},"line":14},"2":{"name":"(anonymous_2)","decl":{"start":{"line":27,"column":38},"end":{"line":27,"column":39}},"loc":{"start":{"line":27,"column":53},"end":{"line":34,"column":1}},"line":27},"3":{"name":"(anonymous_3)","decl":{"start":{"line":28,"column":40},"end":{"line":28,"column":41}},"loc":{"start":{"line":28,"column":50},"end":{"line":28,"column":70}},"line":28},"4":{"name":"(anonymous_4)","decl":{"start":{"line":36,"column":47},"end":{"line":36,"column":48}},"loc":{"start":{"line":36,"column":63},"end":{"line":42,"column":1}},"line":36},"5":{"name":"(anonymous_5)","decl":{"start":{"line":38,"column":4},"end":{"line":38,"column":5}},"loc":{"start":{"line":38,"column":14},"end":{"line":38,"column":44}},"line":38},"6":{"name":"(anonymous_6)","decl":{"start":{"line":44,"column":40},"end":{"line":44,"column":41}},"loc":{"start":{"line":44,"column":65},"end":{"line":54,"column":1}},"line":44},"7":{"name":"(anonymous_7)","decl":{"start":{"line":46,"column":4},"end":{"line":46,"column":5}},"loc":{"start":{"line":46,"column":14},"end":{"line":46,"column":64}},"line":46},"8":{"name":"(anonymous_8)","decl":{"start":{"line":56,"column":40},"end":{"line":56,"column":41}},"loc":{"start":{"line":60,"column":6},"end":{"line":80,"column":1}},"line":60},"9":{"name":"(anonymous_9)","decl":{"start":{"line":62,"column":4},"end":{"line":62,"column":5}},"loc":{"start":{"line":62,"column":14},"end":{"line":62,"column":72}},"line":62},"10":{"name":"(anonymous_10)","decl":{"start":{"line":70,"column":6},"end":{"line":70,"column":7}},"loc":{"start":{"line":71,"column":8},"end":{"line":72,"column":37}},"line":71}},"branchMap":{"0":{"loc":{"start":{"line":12,"column":2},"end":{"line":18,"column":3}},"type":"if","locations":[{"start":{"line":12,"column":2},"end":{"line":18,"column":3}},{"start":{},"end":{}}],"line":12},"1":{"loc":{"start":{"line":14,"column":16},"end":{"line":14,"column":76}},"type":"binary-expr","locations":[{"start":{"line":14,"column":16},"end":{"line":14,"column":46}},{"start":{"line":14,"column":50},"end":{"line":14,"column":76}}],"line":14},"2":{"loc":{"start":{"line":29,"column":2},"end":{"line":31,"column":3}},"type":"if","locations":[{"start":{"line":29,"column":2},"end":{"line":31,"column":3}},{"start":{},"end":{}}],"line":29},"3":{"loc":{"start":{"line":46,"column":14},"end":{"line":46,"column":64}},"type":"binary-expr","locations":[{"start":{"line":46,"column":14},"end":{"line":46,"column":34}},{"start":{"line":46,"column":38},"end":{"line":46,"column":64}}],"line":46},"4":{"loc":{"start":{"line":48,"column":2},"end":{"line":50,"column":3}},"type":"if","locations":[{"start":{"line":48,"column":2},"end":{"line":50,"column":3}},{"start":{},"end":{}}],"line":48},"5":{"loc":{"start":{"line":62,"column":14},"end":{"line":62,"column":72}},"type":"binary-expr","locations":[{"start":{"line":62,"column":14},"end":{"line":62,"column":34}},{"start":{"line":62,"column":38},"end":{"line":62,"column":72}}],"line":62},"6":{"loc":{"start":{"line":64,"column":2},"end":{"line":66,"column":3}},"type":"if","locations":[{"start":{"line":64,"column":2},"end":{"line":66,"column":3}},{"start":{},"end":{}}],"line":64},"7":{"loc":{"start":{"line":68,"column":2},"end":{"line":76,"column":3}},"type":"if","locations":[{"start":{"line":68,"column":2},"end":{"line":76,"column":3}},{"start":{},"end":{}}],"line":68},"8":{"loc":{"start":{"line":71,"column":8},"end":{"line":72,"column":37}},"type":"binary-expr","locations":[{"start":{"line":71,"column":8},"end":{"line":71,"column":50}},{"start":{"line":72,"column":8},"end":{"line":72,"column":37}}],"line":71}},"s":{"0":1,"1":10,"2":10,"3":6,"4":4,"5":4,"6":4,"7":1,"8":2,"9":2,"10":2,"11":1,"12":1,"13":1,"14":1,"15":2,"16":1,"17":1,"18":2,"19":2,"20":2,"21":1,"22":1,"23":1,"24":1,"25":3,"26":7,"27":3,"28":1,"29":2,"30":3,"31":1,"32":1,"33":1},"f":{"0":10,"1":10,"2":2,"3":2,"4":1,"5":2,"6":2,"7":2,"8":3,"9":7,"10":3},"b":{"0":[6,4],"1":[10,10],"2":[1,1],"3":[2,1],"4":[1,1],"5":[7,3],"6":[1,2],"7":[1,1],"8":[3,3]},"_coverageSchema":"1a1c01bbd47fc00a2c39e90264f33305004495a9","hash":"ed61c79cd2733751a0591c4bd511adcc751da6ac"}
,"/Users/rohanagrawal/Desktop/doctor-appointment-system/src/utils/doctorsList.js": {"path":"/Users/rohanagrawal/Desktop/doctor-appointment-system/src/utils/doctorsList.js","statementMap":{"0":{"start":{"line":2,"column":23},"end":{"line":2,"column":57}}},"fnMap":{},"branchMap":{},"s":{"0":1},"f":{},"b":{},"_coverageSchema":"1a1c01bbd47fc00a2c39e90264f33305004495a9","hash":"0460e0c3f0e4fda13ccd404870a1f10d42b9225b"}
,"/Users/rohanagrawal/Desktop/doctor-appointment-system/src/utils/inMemoryStore.js": {"path":"/Users/rohanagrawal/Desktop/doctor-appointment-system/src/utils/inMemoryStore.js","statementMap":{"0":{"start":{"line":2,"column":28},"end":{"line":2,"column":30}}},"fnMap":{},"branchMap":{},"s":{"0":1},"f":{},"b":{},"_coverageSchema":"1a1c01bbd47fc00a2c39e90264f33305004495a9","hash":"73e421560a31bb686490e8c72744b7a6e71c7f4b"}
}
