TN:
SF:src/index.js
FN:16,(anonymous_0)
FNF:1
FNH:1
FNDA:1,(anonymous_0)
DA:5,1
DA:6,1
DA:9,1
DA:12,1
DA:15,1
DA:16,1
DA:17,1
LF:7
LH:7
BRDA:15,0,0,1
BRDA:15,0,1,1
BRF:2
BRH:2
end_of_record
TN:
SF:src/controllers/appointmentController.js
FN:9,(anonymous_0)
FN:18,(anonymous_1)
FN:27,(anonymous_2)
FN:36,(anonymous_3)
FN:45,(anonymous_4)
FNF:5
FNH:5
FNDA:10,(anonymous_0)
FNDA:2,(anonymous_1)
FNDA:1,(anonymous_2)
FNDA:2,(anonymous_3)
FNDA:3,(anonymous_4)
DA:9,1
DA:10,10
DA:11,10
DA:12,4
DA:14,6
DA:18,1
DA:19,2
DA:20,2
DA:21,1
DA:23,1
DA:27,1
DA:28,1
DA:29,1
DA:30,1
DA:32,0
DA:36,1
DA:37,2
DA:38,2
DA:39,1
DA:41,1
DA:45,1
DA:46,3
DA:47,3
DA:48,1
DA:50,2
LF:25
LH:24
BRF:0
BRH:0
end_of_record
TN:
SF:src/middlewares/errorMiddleware.js
FN:1,(anonymous_0)
FNF:1
FNH:1
FNDA:10,(anonymous_0)
DA:1,1
DA:2,10
DA:3,10
LF:3
LH:3
BRDA:3,0,0,10
BRDA:3,0,1,0
BRF:2
BRH:1
end_of_record
TN:
SF:src/middlewares/validators.js
FN:4,(anonymous_0)
FN:18,(anonymous_1)
FN:19,(anonymous_2)
FN:20,(anonymous_3)
FN:31,(anonymous_4)
FN:32,(anonymous_5)
FN:33,(anonymous_6)
FNF:7
FNH:7
FNDA:12,(anonymous_0)
FNDA:2,(anonymous_1)
FNDA:14,(anonymous_2)
FNDA:64,(anonymous_3)
FNDA:2,(anonymous_4)
FNDA:5,(anonymous_5)
FNDA:7,(anonymous_6)
DA:4,1
DA:5,12
DA:6,12
DA:7,0
DA:10,12
DA:11,1
DA:14,11
DA:18,1
DA:19,2
DA:20,64
DA:21,14
DA:22,1
DA:26,13
DA:31,1
DA:32,2
DA:33,7
DA:34,5
DA:35,1
DA:39,4
LF:19
LH:18
BRDA:5,0,0,12
BRDA:5,0,1,2
BRDA:6,1,0,0
BRDA:6,1,1,12
BRDA:10,2,0,1
BRDA:10,2,1,11
BRDA:21,3,0,1
BRDA:21,3,1,13
BRDA:34,4,0,1
BRDA:34,4,1,4
BRF:10
BRH:9
end_of_record
TN:
SF:src/routes/appointmentRoutes.js
FNF:0
FNH:0
DA:15,1
DA:18,1
DA:25,1
DA:27,1
DA:29,1
DA:35,1
LF:6
LH:6
BRF:0
BRH:0
end_of_record
TN:
SF:src/services/appointmentService.js
FN:4,(anonymous_0)
FN:14,(anonymous_1)
FN:27,(anonymous_2)
FN:28,(anonymous_3)
FN:36,(anonymous_4)
FN:38,(anonymous_5)
FN:44,(anonymous_6)
FN:46,(anonymous_7)
FN:56,(anonymous_8)
FN:62,(anonymous_9)
FN:70,(anonymous_10)
FNF:11
FNH:11
FNDA:10,(anonymous_0)
FNDA:10,(anonymous_1)
FNDA:2,(anonymous_2)
FNDA:2,(anonymous_3)
FNDA:1,(anonymous_4)
FNDA:2,(anonymous_5)
FNDA:2,(anonymous_6)
FNDA:2,(anonymous_7)
FNDA:3,(anonymous_8)
FNDA:7,(anonymous_9)
FNDA:3,(anonymous_10)
DA:4,1
DA:12,10
DA:14,10
DA:17,6
DA:21,4
DA:22,4
DA:24,4
DA:27,1
DA:28,2
DA:29,2
DA:30,1
DA:33,1
DA:36,1
DA:37,1
DA:38,2
DA:41,1
DA:44,1
DA:45,2
DA:46,2
DA:48,2
DA:49,1
DA:52,1
DA:53,1
DA:56,1
DA:61,3
DA:62,7
DA:64,3
DA:65,1
DA:68,2
DA:71,3
DA:75,1
DA:78,1
DA:79,1
LF:33
LH:33
BRDA:12,0,0,6
BRDA:12,0,1,4
BRDA:14,1,0,10
BRDA:14,1,1,10
BRDA:29,2,0,1
BRDA:29,2,1,1
BRDA:46,3,0,2
BRDA:46,3,1,1
BRDA:48,4,0,1
BRDA:48,4,1,1
BRDA:62,5,0,7
BRDA:62,5,1,3
BRDA:64,6,0,1
BRDA:64,6,1,2
BRDA:68,7,0,1
BRDA:68,7,1,1
BRDA:71,8,0,3
BRDA:71,8,1,3
BRF:18
BRH:18
end_of_record
TN:
SF:src/utils/doctorsList.js
FNF:0
FNH:0
DA:2,1
LF:1
LH:1
BRF:0
BRH:0
end_of_record
TN:
SF:src/utils/inMemoryStore.js
FNF:0
FNH:0
DA:2,1
LF:1
LH:1
BRF:0
BRH:0
end_of_record
